<?xml version="1.0" encoding="utf-8"?><testsuites name="pytest tests"><testsuite name="pytest" errors="0" failures="0" skipped="0" tests="9" time="1.462" timestamp="2026-03-11T02:58:58.568663+00:00" hostname="agent-env-c06fa442-0940-4035-a3a8-e107fbfb4f9b"><testcase classname="backend.tests.test_early_access_api.TestRootEndpoint" name="test_root_returns_hello_world" time="0.196" /><testcase classname="backend.tests.test_early_access_api.TestEarlyAccessEndpoint" name="test_create_early_access_signup_success" time="0.153" /><testcase classname="backend.tests.test_early_access_api.TestEarlyAccessEndpoint" name="test_duplicate_email_returns_duplicate_status" time="0.275" /><testcase classname="backend.tests.test_early_access_api.TestEarlyAccessEndpoint" name="test_signup_with_only_email" time="0.122" /><testcase classname="backend.tests.test_early_access_api.TestEarlyAccessEndpoint" name="test_invalid_email_format" time="0.106" /><testcase classname="backend.tests.test_early_access_api.TestEarlyAccessEndpoint" name="test_missing_email_returns_error" time="0.116" /><testcase classname="backend.tests.test_early_access_api.TestEarlyAccessCount" name="test_get_early_access_count" time="0.118" /><testcase classname="backend.tests.test_early_access_api.TestStatusEndpoints" name="test_create_status_check" time="0.120" /><testcase classname="backend.tests.test_early_access_api.TestStatusEndpoints" name="test_get_status_checks" time="0.157" /></testsuite></testsuites>