<?xml version="1.0" encoding="utf-8"?><testsuites name="pytest tests"><testsuite name="pytest" errors="0" failures="0" skipped="0" tests="9" time="1.483" timestamp="2026-03-11T09:29:02.253033+00:00" hostname="agent-env-c06fa442-0940-4035-a3a8-e107fbfb4f9b"><testcase classname="backend.tests.test_early_access_api.TestRootEndpoint" name="test_root_returns_hello_world" time="0.273" /><testcase classname="backend.tests.test_early_access_api.TestEarlyAccessEndpoint" name="test_create_early_access_signup_success" time="0.158" /><testcase classname="backend.tests.test_early_access_api.TestEarlyAccessEndpoint" name="test_duplicate_email_returns_duplicate_status" time="0.277" /><testcase classname="backend.tests.test_early_access_api.TestEarlyAccessEndpoint" name="test_signup_with_only_email" time="0.150" /><testcase classname="backend.tests.test_early_access_api.TestEarlyAccessEndpoint" name="test_invalid_email_format" time="0.108" /><testcase classname="backend.tests.test_early_access_api.TestEarlyAccessEndpoint" name="test_missing_email_returns_error" time="0.095" /><testcase classname="backend.tests.test_early_access_api.TestEarlyAccessCount" name="test_get_early_access_count" time="0.103" /><testcase classname="backend.tests.test_early_access_api.TestStatusEndpoints" name="test_create_status_check" time="0.108" /><testcase classname="backend.tests.test_early_access_api.TestStatusEndpoints" name="test_get_status_checks" time="0.102" /></testsuite></testsuites>